[22-Oct-2018 19:58:12 UTC] PHP Warning:  include(../inc/dbConnection.php): failed to open stream: No such file or directory in /home/ubuntu/workspace/cst336/midterm/midterm_practice2.php on line 3
[22-Oct-2018 19:58:12 UTC] PHP Stack trace:
[22-Oct-2018 19:58:12 UTC] PHP   1. {main}() /home/ubuntu/workspace/cst336/midterm/midterm_practice2.php:0
[22-Oct-2018 19:58:12 UTC] PHP Warning:  include(): Failed opening '../inc/dbConnection.php' for inclusion (include_path='.:/usr/share/php:/usr/share/pear') in /home/ubuntu/workspace/cst336/midterm/midterm_practice2.php on line 3
[22-Oct-2018 19:58:12 UTC] PHP Stack trace:
[22-Oct-2018 19:58:12 UTC] PHP   1. {main}() /home/ubuntu/workspace/cst336/midterm/midterm_practice2.php:0
[22-Oct-2018 19:58:12 UTC] PHP Fatal error:  Call to undefined function startConnection() in /home/ubuntu/workspace/cst336/midterm/midterm_practice2.php on line 4
[22-Oct-2018 19:58:12 UTC] PHP Stack trace:
[22-Oct-2018 19:58:12 UTC] PHP   1. {main}() /home/ubuntu/workspace/cst336/midterm/midterm_practice2.php:0
[22-Oct-2018 19:58:57 UTC] PHP Warning:  include(../../inc/dbConnection.php): failed to open stream: No such file or directory in /home/ubuntu/workspace/cst336/midterm/midterm_practice2.php on line 3
[22-Oct-2018 19:58:57 UTC] PHP Stack trace:
[22-Oct-2018 19:58:57 UTC] PHP   1. {main}() /home/ubuntu/workspace/cst336/midterm/midterm_practice2.php:0
[22-Oct-2018 19:58:57 UTC] PHP Warning:  include(): Failed opening '../../inc/dbConnection.php' for inclusion (include_path='.:/usr/share/php:/usr/share/pear') in /home/ubuntu/workspace/cst336/midterm/midterm_practice2.php on line 3
[22-Oct-2018 19:58:57 UTC] PHP Stack trace:
[22-Oct-2018 19:58:57 UTC] PHP   1. {main}() /home/ubuntu/workspace/cst336/midterm/midterm_practice2.php:0
[22-Oct-2018 19:58:57 UTC] PHP Fatal error:  Call to undefined function startConnection() in /home/ubuntu/workspace/cst336/midterm/midterm_practice2.php on line 4
[22-Oct-2018 19:58:57 UTC] PHP Stack trace:
[22-Oct-2018 19:58:57 UTC] PHP   1. {main}() /home/ubuntu/workspace/cst336/midterm/midterm_practice2.php:0
[22-Oct-2018 19:59:09 UTC] PHP Warning:  include(../inc/dbConnection.php): failed to open stream: No such file or directory in /home/ubuntu/workspace/cst336/midterm/midterm_practice2.php on line 3
[22-Oct-2018 19:59:09 UTC] PHP Stack trace:
[22-Oct-2018 19:59:09 UTC] PHP   1. {main}() /home/ubuntu/workspace/cst336/midterm/midterm_practice2.php:0
[22-Oct-2018 19:59:09 UTC] PHP Warning:  include(): Failed opening '../inc/dbConnection.php' for inclusion (include_path='.:/usr/share/php:/usr/share/pear') in /home/ubuntu/workspace/cst336/midterm/midterm_practice2.php on line 3
[22-Oct-2018 19:59:09 UTC] PHP Stack trace:
[22-Oct-2018 19:59:09 UTC] PHP   1. {main}() /home/ubuntu/workspace/cst336/midterm/midterm_practice2.php:0
[22-Oct-2018 19:59:09 UTC] PHP Fatal error:  Call to undefined function startConnection() in /home/ubuntu/workspace/cst336/midterm/midterm_practice2.php on line 4
[22-Oct-2018 19:59:09 UTC] PHP Stack trace:
[22-Oct-2018 19:59:09 UTC] PHP   1. {main}() /home/ubuntu/workspace/cst336/midterm/midterm_practice2.php:0
[22-Oct-2018 20:02:37 UTC] PHP Warning:  include(../inc/dbConnection.php): failed to open stream: No such file or directory in /home/ubuntu/workspace/cst336/midterm_p/midterm_practice2.php on line 3
[22-Oct-2018 20:02:37 UTC] PHP Stack trace:
[22-Oct-2018 20:02:37 UTC] PHP   1. {main}() /home/ubuntu/workspace/cst336/midterm_p/midterm_practice2.php:0
[22-Oct-2018 20:02:37 UTC] PHP Warning:  include(): Failed opening '../inc/dbConnection.php' for inclusion (include_path='.:/usr/share/php:/usr/share/pear') in /home/ubuntu/workspace/cst336/midterm_p/midterm_practice2.php on line 3
[22-Oct-2018 20:02:37 UTC] PHP Stack trace:
[22-Oct-2018 20:02:37 UTC] PHP   1. {main}() /home/ubuntu/workspace/cst336/midterm_p/midterm_practice2.php:0
[22-Oct-2018 20:02:37 UTC] PHP Fatal error:  Call to undefined function startConnection() in /home/ubuntu/workspace/cst336/midterm_p/midterm_practice2.php on line 4
[22-Oct-2018 20:02:37 UTC] PHP Stack trace:
[22-Oct-2018 20:02:37 UTC] PHP   1. {main}() /home/ubuntu/workspace/cst336/midterm_p/midterm_practice2.php:0
[22-Oct-2018 20:03:43 UTC] PHP Warning:  include(../../inc/dbConnection.php): failed to open stream: No such file or directory in /home/ubuntu/workspace/cst336/midterm_p/midterm_practice2.php on line 3
[22-Oct-2018 20:03:43 UTC] PHP Stack trace:
[22-Oct-2018 20:03:43 UTC] PHP   1. {main}() /home/ubuntu/workspace/cst336/midterm_p/midterm_practice2.php:0
[22-Oct-2018 20:03:43 UTC] PHP Warning:  include(): Failed opening '../../inc/dbConnection.php' for inclusion (include_path='.:/usr/share/php:/usr/share/pear') in /home/ubuntu/workspace/cst336/midterm_p/midterm_practice2.php on line 3
[22-Oct-2018 20:03:43 UTC] PHP Stack trace:
[22-Oct-2018 20:03:43 UTC] PHP   1. {main}() /home/ubuntu/workspace/cst336/midterm_p/midterm_practice2.php:0
[22-Oct-2018 20:03:43 UTC] PHP Fatal error:  Call to undefined function startConnection() in /home/ubuntu/workspace/cst336/midterm_p/midterm_practice2.php on line 4
[22-Oct-2018 20:03:43 UTC] PHP Stack trace:
[22-Oct-2018 20:03:43 UTC] PHP   1. {main}() /home/ubuntu/workspace/cst336/midterm_p/midterm_practice2.php:0
[22-Oct-2018 20:07:56 UTC] PHP Warning:  include(../inc/dbConnection.php): failed to open stream: No such file or directory in /home/ubuntu/workspace/cst336/midterm_p/midterm_practice2.php on line 3
[22-Oct-2018 20:07:56 UTC] PHP Stack trace:
[22-Oct-2018 20:07:56 UTC] PHP   1. {main}() /home/ubuntu/workspace/cst336/midterm_p/midterm_practice2.php:0
[22-Oct-2018 20:07:56 UTC] PHP Warning:  include(): Failed opening '../inc/dbConnection.php' for inclusion (include_path='.:/usr/share/php:/usr/share/pear') in /home/ubuntu/workspace/cst336/midterm_p/midterm_practice2.php on line 3
[22-Oct-2018 20:07:56 UTC] PHP Stack trace:
[22-Oct-2018 20:07:56 UTC] PHP   1. {main}() /home/ubuntu/workspace/cst336/midterm_p/midterm_practice2.php:0
[22-Oct-2018 20:07:56 UTC] PHP Fatal error:  Call to undefined function startConnection() in /home/ubuntu/workspace/cst336/midterm_p/midterm_practice2.php on line 4
[22-Oct-2018 20:07:56 UTC] PHP Stack trace:
[22-Oct-2018 20:07:56 UTC] PHP   1. {main}() /home/ubuntu/workspace/cst336/midterm_p/midterm_practice2.php:0
[22-Oct-2018 20:46:37 UTC] PHP Fatal error:  Uncaught exception 'PDOException' with message 'SQLSTATE[42000]: Syntax error or access violation: 1064 You have an error in your SQL syntax; check the manual that corresponds to your MySQL server version for the right syntax to use near '%' at line 3' in /home/ubuntu/workspace/cst336/midterm_p/midterm_practice2.php:82
Stack trace:
#0 /home/ubuntu/workspace/cst336/midterm_p/midterm_practice2.php(82): PDOStatement->execute()
#1 /home/ubuntu/workspace/cst336/midterm_p/midterm_practice2.php(111): displayTown()
#2 {main}
  thrown in /home/ubuntu/workspace/cst336/midterm_p/midterm_practice2.php on line 82
[22-Oct-2018 20:46:55 UTC] PHP Fatal error:  Uncaught exception 'PDOException' with message 'SQLSTATE[42S22]: Column not found: 1054 Unknown column 'mp_town' in 'where clause'' in /home/ubuntu/workspace/cst336/midterm_p/midterm_practice2.php:82
Stack trace:
#0 /home/ubuntu/workspace/cst336/midterm_p/midterm_practice2.php(82): PDOStatement->execute()
#1 /home/ubuntu/workspace/cst336/midterm_p/midterm_practice2.php(111): displayTown()
#2 {main}
  thrown in /home/ubuntu/workspace/cst336/midterm_p/midterm_practice2.php on line 82
[23-Oct-2018 22:41:43 UTC] PHP Parse error:  syntax error, unexpected '}' in /home/ubuntu/workspace/cst336/midterm_p/index.php on line 75
[24-Oct-2018 21:39:58 UTC] PHP Fatal error:  Call to undefined function Life_quotes() in /home/ubuntu/workspace/cst336/midterm/midterm_program2.php on line 105
[24-Oct-2018 21:39:58 UTC] PHP Stack trace:
[24-Oct-2018 21:39:58 UTC] PHP   1. {main}() /home/ubuntu/workspace/cst336/midterm/midterm_program2.php:0
