[26-Oct-2018 20:07:50 UTC] PHP Fatal error:  Uncaught exception 'PDOException' with message 'SQLSTATE[42000]: Syntax error or access violation: 1065 Query was empty' in /home/ubuntu/workspace/cst336/labs/lab6/index.php:63
Stack trace:
#0 /home/ubuntu/workspace/cst336/labs/lab6/index.php(63): PDOStatement->execute(NULL)
#1 /home/ubuntu/workspace/cst336/labs/lab6/index.php(113): filterProducts()
#2 {main}
  thrown in /home/ubuntu/workspace/cst336/labs/lab6/index.php on line 63
[26-Oct-2018 20:09:01 UTC] PHP Fatal error:  Uncaught exception 'PDOException' with message 'SQLSTATE[42000]: Syntax error or access violation: 1065 Query was empty' in /home/ubuntu/workspace/cst336/labs/lab6/index.php:63
Stack trace:
#0 /home/ubuntu/workspace/cst336/labs/lab6/index.php(63): PDOStatement->execute(NULL)
#1 /home/ubuntu/workspace/cst336/labs/lab6/index.php(113): filterProducts()
#2 {main}
  thrown in /home/ubuntu/workspace/cst336/labs/lab6/index.php on line 63
[27-Oct-2018 07:57:46 UTC] PHP Fatal error:  Uncaught exception 'PDOException' with message 'SQLSTATE[42000]: Syntax error or access violation: 1065 Query was empty' in /home/ubuntu/workspace/cst336/labs/lab6/index.php:66
Stack trace:
#0 /home/ubuntu/workspace/cst336/labs/lab6/index.php(66): PDOStatement->execute(NULL)
#1 /home/ubuntu/workspace/cst336/labs/lab6/index.php(117): filterProducts()
#2 {main}
  thrown in /home/ubuntu/workspace/cst336/labs/lab6/index.php on line 66
[27-Oct-2018 07:57:55 UTC] PHP Fatal error:  Uncaught exception 'PDOException' with message 'SQLSTATE[42000]: Syntax error or access violation: 1064 You have an error in your SQL syntax; check the manual that corresponds to your MySQL server version for the right syntax to use near '' at line 4' in /home/ubuntu/workspace/cst336/labs/lab6/productInfo.php:18
Stack trace:
#0 /home/ubuntu/workspace/cst336/labs/lab6/productInfo.php(18): PDOStatement->execute()
#1 /home/ubuntu/workspace/cst336/labs/lab6/productInfo.php(58): displayProductInfo()
#2 {main}
  thrown in /home/ubuntu/workspace/cst336/labs/lab6/productInfo.php on line 18
[27-Oct-2018 08:10:35 UTC] PHP Fatal error:  Uncaught exception 'PDOException' with message 'SQLSTATE[42000]: Syntax error or access violation: 1064 You have an error in your SQL syntax; check the manual that corresponds to your MySQL server version for the right syntax to use near '' at line 4' in /home/ubuntu/workspace/cst336/labs/lab6/productInfo.php:18
Stack trace:
#0 /home/ubuntu/workspace/cst336/labs/lab6/productInfo.php(18): PDOStatement->execute()
#1 /home/ubuntu/workspace/cst336/labs/lab6/productInfo.php(58): displayProductInfo()
#2 {main}
  thrown in /home/ubuntu/workspace/cst336/labs/lab6/productInfo.php on line 18
