[17-Dec-2018 00:25:48 UTC] PHP Fatal error:  Uncaught exception 'PDOException' with message 'SQLSTATE[42000]: Syntax error or access violation: 1064 You have an error in your SQL syntax; check the manual that corresponds to your MySQL server version for the right syntax to use near '' at line 1' in /home/ubuntu/workspace/cst336/final_practice/api/superheroAPI.php:7
Stack trace:
#0 /home/ubuntu/workspace/cst336/final_practice/api/superheroAPI.php(7): PDOStatement->execute()
#1 {main}
  thrown in /home/ubuntu/workspace/cst336/final_practice/api/superheroAPI.php on line 7
[17-Dec-2018 00:27:32 UTC] PHP Fatal error:  Uncaught exception 'PDOException' with message 'SQLSTATE[42000]: Syntax error or access violation: 1064 You have an error in your SQL syntax; check the manual that corresponds to your MySQL server version for the right syntax to use near '' at line 1' in /home/ubuntu/workspace/cst336/final_practice/api/superheroAPI.php:7
Stack trace:
#0 /home/ubuntu/workspace/cst336/final_practice/api/superheroAPI.php(7): PDOStatement->execute()
#1 {main}
  thrown in /home/ubuntu/workspace/cst336/final_practice/api/superheroAPI.php on line 7
[17-Dec-2018 00:27:33 UTC] PHP Fatal error:  Uncaught exception 'PDOException' with message 'SQLSTATE[42000]: Syntax error or access violation: 1064 You have an error in your SQL syntax; check the manual that corresponds to your MySQL server version for the right syntax to use near '' at line 1' in /home/ubuntu/workspace/cst336/final_practice/api/superheroAPI.php:7
Stack trace:
#0 /home/ubuntu/workspace/cst336/final_practice/api/superheroAPI.php(7): PDOStatement->execute()
#1 {main}
  thrown in /home/ubuntu/workspace/cst336/final_practice/api/superheroAPI.php on line 7
[17-Dec-2018 00:27:41 UTC] PHP Fatal error:  Uncaught exception 'PDOException' with message 'SQLSTATE[42000]: Syntax error or access violation: 1064 You have an error in your SQL syntax; check the manual that corresponds to your MySQL server version for the right syntax to use near '' at line 1' in /home/ubuntu/workspace/cst336/final_practice/api/superheroAPI.php:7
Stack trace:
#0 /home/ubuntu/workspace/cst336/final_practice/api/superheroAPI.php(7): PDOStatement->execute()
#1 {main}
  thrown in /home/ubuntu/workspace/cst336/final_practice/api/superheroAPI.php on line 7
[17-Dec-2018 00:29:41 UTC] PHP Fatal error:  Uncaught exception 'PDOException' with message 'SQLSTATE[42000]: Syntax error or access violation: 1064 You have an error in your SQL syntax; check the manual that corresponds to your MySQL server version for the right syntax to use near '' at line 1' in /home/ubuntu/workspace/cst336/final_practice/api/superheroAPI.php:7
Stack trace:
#0 /home/ubuntu/workspace/cst336/final_practice/api/superheroAPI.php(7): PDOStatement->execute()
#1 {main}
  thrown in /home/ubuntu/workspace/cst336/final_practice/api/superheroAPI.php on line 7
