[03-Dec-2018 23:47:06 UTC] PHP Warning:  include(../../inc/dbConnection.php): failed to open stream: No such file or directory in /home/ubuntu/workspace/cst336/labs/lab10/api/getPetInfo.php on line 3
[03-Dec-2018 23:47:06 UTC] PHP Stack trace:
[03-Dec-2018 23:47:06 UTC] PHP   1. {main}() /home/ubuntu/workspace/cst336/labs/lab10/api/getPetInfo.php:0
[03-Dec-2018 23:47:06 UTC] PHP Warning:  include(): Failed opening '../../inc/dbConnection.php' for inclusion (include_path='.:/usr/share/php:/usr/share/pear') in /home/ubuntu/workspace/cst336/labs/lab10/api/getPetInfo.php on line 3
[03-Dec-2018 23:47:06 UTC] PHP Stack trace:
[03-Dec-2018 23:47:06 UTC] PHP   1. {main}() /home/ubuntu/workspace/cst336/labs/lab10/api/getPetInfo.php:0
[03-Dec-2018 23:47:06 UTC] PHP Fatal error:  Call to undefined function startConnection() in /home/ubuntu/workspace/cst336/labs/lab10/api/getPetInfo.php on line 4
[03-Dec-2018 23:47:06 UTC] PHP Stack trace:
[03-Dec-2018 23:47:06 UTC] PHP   1. {main}() /home/ubuntu/workspace/cst336/labs/lab10/api/getPetInfo.php:0
[03-Dec-2018 23:47:11 UTC] PHP Warning:  include(../../inc/dbConnection.php): failed to open stream: No such file or directory in /home/ubuntu/workspace/cst336/labs/lab10/api/getPetInfo.php on line 3
[03-Dec-2018 23:47:11 UTC] PHP Stack trace:
[03-Dec-2018 23:47:11 UTC] PHP   1. {main}() /home/ubuntu/workspace/cst336/labs/lab10/api/getPetInfo.php:0
[03-Dec-2018 23:47:11 UTC] PHP Warning:  include(): Failed opening '../../inc/dbConnection.php' for inclusion (include_path='.:/usr/share/php:/usr/share/pear') in /home/ubuntu/workspace/cst336/labs/lab10/api/getPetInfo.php on line 3
[03-Dec-2018 23:47:11 UTC] PHP Stack trace:
[03-Dec-2018 23:47:11 UTC] PHP   1. {main}() /home/ubuntu/workspace/cst336/labs/lab10/api/getPetInfo.php:0
[03-Dec-2018 23:47:11 UTC] PHP Fatal error:  Call to undefined function startConnection() in /home/ubuntu/workspace/cst336/labs/lab10/api/getPetInfo.php on line 4
[03-Dec-2018 23:47:11 UTC] PHP Stack trace:
[03-Dec-2018 23:47:11 UTC] PHP   1. {main}() /home/ubuntu/workspace/cst336/labs/lab10/api/getPetInfo.php:0
[05-Dec-2018 23:13:25 UTC] PHP Warning:  include(../../inc/dbConnection.php): failed to open stream: No such file or directory in /home/ubuntu/workspace/cst336/labs/lab10/api/getPetInfo.php on line 3
[05-Dec-2018 23:13:25 UTC] PHP Stack trace:
[05-Dec-2018 23:13:25 UTC] PHP   1. {main}() /home/ubuntu/workspace/cst336/labs/lab10/api/getPetInfo.php:0
[05-Dec-2018 23:13:25 UTC] PHP Warning:  include(): Failed opening '../../inc/dbConnection.php' for inclusion (include_path='.:/usr/share/php:/usr/share/pear') in /home/ubuntu/workspace/cst336/labs/lab10/api/getPetInfo.php on line 3
[05-Dec-2018 23:13:25 UTC] PHP Stack trace:
[05-Dec-2018 23:13:25 UTC] PHP   1. {main}() /home/ubuntu/workspace/cst336/labs/lab10/api/getPetInfo.php:0
[05-Dec-2018 23:13:25 UTC] PHP Fatal error:  Call to undefined function startConnection() in /home/ubuntu/workspace/cst336/labs/lab10/api/getPetInfo.php on line 4
[05-Dec-2018 23:13:25 UTC] PHP Stack trace:
[05-Dec-2018 23:13:25 UTC] PHP   1. {main}() /home/ubuntu/workspace/cst336/labs/lab10/api/getPetInfo.php:0
[05-Dec-2018 23:14:00 UTC] PHP Warning:  include(../../inc/dbConnection.php): failed to open stream: No such file or directory in /home/ubuntu/workspace/cst336/labs/lab10/api/getPetInfo.php on line 3
[05-Dec-2018 23:14:00 UTC] PHP Stack trace:
[05-Dec-2018 23:14:00 UTC] PHP   1. {main}() /home/ubuntu/workspace/cst336/labs/lab10/api/getPetInfo.php:0
[05-Dec-2018 23:14:00 UTC] PHP Warning:  include(): Failed opening '../../inc/dbConnection.php' for inclusion (include_path='.:/usr/share/php:/usr/share/pear') in /home/ubuntu/workspace/cst336/labs/lab10/api/getPetInfo.php on line 3
[05-Dec-2018 23:14:00 UTC] PHP Stack trace:
[05-Dec-2018 23:14:00 UTC] PHP   1. {main}() /home/ubuntu/workspace/cst336/labs/lab10/api/getPetInfo.php:0
[05-Dec-2018 23:14:00 UTC] PHP Fatal error:  Call to undefined function startConnection() in /home/ubuntu/workspace/cst336/labs/lab10/api/getPetInfo.php on line 4
[05-Dec-2018 23:14:00 UTC] PHP Stack trace:
[05-Dec-2018 23:14:00 UTC] PHP   1. {main}() /home/ubuntu/workspace/cst336/labs/lab10/api/getPetInfo.php:0
[05-Dec-2018 23:14:10 UTC] PHP Warning:  include(../../inc/dbConnection.php): failed to open stream: No such file or directory in /home/ubuntu/workspace/cst336/labs/lab10/api/getPetInfo.php on line 3
[05-Dec-2018 23:14:10 UTC] PHP Stack trace:
[05-Dec-2018 23:14:10 UTC] PHP   1. {main}() /home/ubuntu/workspace/cst336/labs/lab10/api/getPetInfo.php:0
[05-Dec-2018 23:14:10 UTC] PHP Warning:  include(): Failed opening '../../inc/dbConnection.php' for inclusion (include_path='.:/usr/share/php:/usr/share/pear') in /home/ubuntu/workspace/cst336/labs/lab10/api/getPetInfo.php on line 3
[05-Dec-2018 23:14:10 UTC] PHP Stack trace:
[05-Dec-2018 23:14:10 UTC] PHP   1. {main}() /home/ubuntu/workspace/cst336/labs/lab10/api/getPetInfo.php:0
[05-Dec-2018 23:14:10 UTC] PHP Fatal error:  Call to undefined function startConnection() in /home/ubuntu/workspace/cst336/labs/lab10/api/getPetInfo.php on line 4
[05-Dec-2018 23:14:10 UTC] PHP Stack trace:
[05-Dec-2018 23:14:10 UTC] PHP   1. {main}() /home/ubuntu/workspace/cst336/labs/lab10/api/getPetInfo.php:0
[05-Dec-2018 23:36:44 UTC] PHP Warning:  include(../../inc/dbConnection.php): failed to open stream: No such file or directory in /home/ubuntu/workspace/cst336/labs/lab10/api/getPetInfo.php on line 3
[05-Dec-2018 23:36:44 UTC] PHP Stack trace:
[05-Dec-2018 23:36:44 UTC] PHP   1. {main}() /home/ubuntu/workspace/cst336/labs/lab10/api/getPetInfo.php:0
[05-Dec-2018 23:36:44 UTC] PHP Warning:  include(): Failed opening '../../inc/dbConnection.php' for inclusion (include_path='.:/usr/share/php:/usr/share/pear') in /home/ubuntu/workspace/cst336/labs/lab10/api/getPetInfo.php on line 3
[05-Dec-2018 23:36:44 UTC] PHP Stack trace:
[05-Dec-2018 23:36:44 UTC] PHP   1. {main}() /home/ubuntu/workspace/cst336/labs/lab10/api/getPetInfo.php:0
[05-Dec-2018 23:36:44 UTC] PHP Fatal error:  Call to undefined function startConnection() in /home/ubuntu/workspace/cst336/labs/lab10/api/getPetInfo.php on line 4
[05-Dec-2018 23:36:44 UTC] PHP Stack trace:
[05-Dec-2018 23:36:44 UTC] PHP   1. {main}() /home/ubuntu/workspace/cst336/labs/lab10/api/getPetInfo.php:0
[06-Dec-2018 01:17:18 UTC] PHP Warning:  include(../../inc/dbConnection.php): failed to open stream: No such file or directory in /home/ubuntu/workspace/cst336/labs/lab10/api/getPetInfo.php on line 3
[06-Dec-2018 01:17:18 UTC] PHP Stack trace:
[06-Dec-2018 01:17:18 UTC] PHP   1. {main}() /home/ubuntu/workspace/cst336/labs/lab10/api/getPetInfo.php:0
[06-Dec-2018 01:17:18 UTC] PHP Warning:  include(): Failed opening '../../inc/dbConnection.php' for inclusion (include_path='.:/usr/share/php:/usr/share/pear') in /home/ubuntu/workspace/cst336/labs/lab10/api/getPetInfo.php on line 3
[06-Dec-2018 01:17:18 UTC] PHP Stack trace:
[06-Dec-2018 01:17:18 UTC] PHP   1. {main}() /home/ubuntu/workspace/cst336/labs/lab10/api/getPetInfo.php:0
[06-Dec-2018 01:17:18 UTC] PHP Fatal error:  Call to undefined function startConnection() in /home/ubuntu/workspace/cst336/labs/lab10/api/getPetInfo.php on line 4
[06-Dec-2018 01:17:18 UTC] PHP Stack trace:
[06-Dec-2018 01:17:18 UTC] PHP   1. {main}() /home/ubuntu/workspace/cst336/labs/lab10/api/getPetInfo.php:0
[06-Dec-2018 01:20:14 UTC] PHP Warning:  include(../../inc/dbConnection.php): failed to open stream: No such file or directory in /home/ubuntu/workspace/cst336/labs/lab10/api/getPetInfo.php on line 3
[06-Dec-2018 01:20:14 UTC] PHP Stack trace:
[06-Dec-2018 01:20:14 UTC] PHP   1. {main}() /home/ubuntu/workspace/cst336/labs/lab10/api/getPetInfo.php:0
[06-Dec-2018 01:20:14 UTC] PHP Warning:  include(): Failed opening '../../inc/dbConnection.php' for inclusion (include_path='.:/usr/share/php:/usr/share/pear') in /home/ubuntu/workspace/cst336/labs/lab10/api/getPetInfo.php on line 3
[06-Dec-2018 01:20:14 UTC] PHP Stack trace:
[06-Dec-2018 01:20:14 UTC] PHP   1. {main}() /home/ubuntu/workspace/cst336/labs/lab10/api/getPetInfo.php:0
[06-Dec-2018 01:20:14 UTC] PHP Fatal error:  Call to undefined function startConnection() in /home/ubuntu/workspace/cst336/labs/lab10/api/getPetInfo.php on line 4
[06-Dec-2018 01:20:14 UTC] PHP Stack trace:
[06-Dec-2018 01:20:14 UTC] PHP   1. {main}() /home/ubuntu/workspace/cst336/labs/lab10/api/getPetInfo.php:0
[06-Dec-2018 01:23:00 UTC] PHP Warning:  include(../../inc/dbConnection.php): failed to open stream: No such file or directory in /home/ubuntu/workspace/cst336/labs/lab10/api/getPetInfo.php on line 3
[06-Dec-2018 01:23:00 UTC] PHP Stack trace:
[06-Dec-2018 01:23:00 UTC] PHP   1. {main}() /home/ubuntu/workspace/cst336/labs/lab10/api/getPetInfo.php:0
[06-Dec-2018 01:23:00 UTC] PHP Warning:  include(): Failed opening '../../inc/dbConnection.php' for inclusion (include_path='.:/usr/share/php:/usr/share/pear') in /home/ubuntu/workspace/cst336/labs/lab10/api/getPetInfo.php on line 3
[06-Dec-2018 01:23:00 UTC] PHP Stack trace:
[06-Dec-2018 01:23:00 UTC] PHP   1. {main}() /home/ubuntu/workspace/cst336/labs/lab10/api/getPetInfo.php:0
[06-Dec-2018 01:23:00 UTC] PHP Fatal error:  Call to undefined function startConnection() in /home/ubuntu/workspace/cst336/labs/lab10/api/getPetInfo.php on line 4
[06-Dec-2018 01:23:00 UTC] PHP Stack trace:
[06-Dec-2018 01:23:00 UTC] PHP   1. {main}() /home/ubuntu/workspace/cst336/labs/lab10/api/getPetInfo.php:0
[06-Dec-2018 01:26:17 UTC] PHP Warning:  include(../../inc/dbConnection.php): failed to open stream: No such file or directory in /home/ubuntu/workspace/cst336/labs/lab10/api/getPetInfo.php on line 2
[06-Dec-2018 01:26:17 UTC] PHP Stack trace:
[06-Dec-2018 01:26:17 UTC] PHP   1. {main}() /home/ubuntu/workspace/cst336/labs/lab10/api/getPetInfo.php:0
[06-Dec-2018 01:26:17 UTC] PHP Warning:  include(): Failed opening '../../inc/dbConnection.php' for inclusion (include_path='.:/usr/share/php:/usr/share/pear') in /home/ubuntu/workspace/cst336/labs/lab10/api/getPetInfo.php on line 2
[06-Dec-2018 01:26:17 UTC] PHP Stack trace:
[06-Dec-2018 01:26:17 UTC] PHP   1. {main}() /home/ubuntu/workspace/cst336/labs/lab10/api/getPetInfo.php:0
[06-Dec-2018 01:26:17 UTC] PHP Fatal error:  Call to undefined function startConnection() in /home/ubuntu/workspace/cst336/labs/lab10/api/getPetInfo.php on line 3
[06-Dec-2018 01:26:17 UTC] PHP Stack trace:
[06-Dec-2018 01:26:17 UTC] PHP   1. {main}() /home/ubuntu/workspace/cst336/labs/lab10/api/getPetInfo.php:0
