[12-Dec-2018 12:04:24 UTC] PHP Fatal error:  Uncaught exception 'PDOException' with message 'SQLSTATE[42000]: Syntax error or access violation: 1064 You have an error in your SQL syntax; check the manual that corresponds to your MySQL server version for the right syntax to use near '' at line 1' in /home/ubuntu/workspace/cst336/final_project/api/getgameInfo.php:7
Stack trace:
#0 /home/ubuntu/workspace/cst336/final_project/api/getgameInfo.php(7): PDOStatement->execute()
#1 {main}
  thrown in /home/ubuntu/workspace/cst336/final_project/api/getgameInfo.php on line 7
[12-Dec-2018 12:04:29 UTC] PHP Fatal error:  Uncaught exception 'PDOException' with message 'SQLSTATE[42000]: Syntax error or access violation: 1064 You have an error in your SQL syntax; check the manual that corresponds to your MySQL server version for the right syntax to use near '' at line 1' in /home/ubuntu/workspace/cst336/final_project/api/getgameInfo.php:7
Stack trace:
#0 /home/ubuntu/workspace/cst336/final_project/api/getgameInfo.php(7): PDOStatement->execute()
#1 {main}
  thrown in /home/ubuntu/workspace/cst336/final_project/api/getgameInfo.php on line 7
[12-Dec-2018 12:05:44 UTC] PHP Warning:  include(inc/dbConnection.php): failed to open stream: No such file or directory in /home/ubuntu/workspace/cst336/final_project/api/getgameInfo.php on line 2
[12-Dec-2018 12:05:44 UTC] PHP Stack trace:
[12-Dec-2018 12:05:44 UTC] PHP   1. {main}() /home/ubuntu/workspace/cst336/final_project/api/getgameInfo.php:0
[12-Dec-2018 12:05:44 UTC] PHP Warning:  include(): Failed opening 'inc/dbConnection.php' for inclusion (include_path='.:/usr/share/php:/usr/share/pear') in /home/ubuntu/workspace/cst336/final_project/api/getgameInfo.php on line 2
[12-Dec-2018 12:05:44 UTC] PHP Stack trace:
[12-Dec-2018 12:05:44 UTC] PHP   1. {main}() /home/ubuntu/workspace/cst336/final_project/api/getgameInfo.php:0
[12-Dec-2018 12:05:44 UTC] PHP Fatal error:  Call to undefined function startConnection() in /home/ubuntu/workspace/cst336/final_project/api/getgameInfo.php on line 3
[12-Dec-2018 12:05:44 UTC] PHP Stack trace:
[12-Dec-2018 12:05:44 UTC] PHP   1. {main}() /home/ubuntu/workspace/cst336/final_project/api/getgameInfo.php:0
[12-Dec-2018 12:10:18 UTC] PHP Fatal error:  Uncaught exception 'PDOException' with message 'SQLSTATE[42000]: Syntax error or access violation: 1064 You have an error in your SQL syntax; check the manual that corresponds to your MySQL server version for the right syntax to use near '' at line 1' in /home/ubuntu/workspace/cst336/final_project/api/getgameInfo.php:7
Stack trace:
#0 /home/ubuntu/workspace/cst336/final_project/api/getgameInfo.php(7): PDOStatement->execute()
#1 {main}
  thrown in /home/ubuntu/workspace/cst336/final_project/api/getgameInfo.php on line 7
